<?xml version="1.0" encoding="UTF-8"?>
<!-- Generated by org.testng.reporters.JUnitReportReporter -->
<testsuite hostname="DESKTOP-CM7QV2O" name="com.wst.qa.testcases.WST_Login_Test" tests="1" failures="0" timestamp="15 Sep 2020 17:13:35 GMT" time="32.702" errors="0">
  <testcase name="validate_Principal_LoginVerification_Test" time="32.702" classname="com.wst.qa.testcases.WST_Login_Test"/>
</testsuite> <!-- com.wst.qa.testcases.WST_Login_Test -->
