<?xml version="1.0" encoding="UTF-8"?>
<!-- Generated by org.testng.reporters.JUnitReportReporter -->
<testsuite hostname="DESKTOP-CM7QV2O" name="com.wst.qa.testcases.WST_Supplier_Test" tests="1" failures="0" timestamp="15 Sep 2020 19:08:52 GMT" time="62.136" errors="0">
  <testcase name="action_Create_Supplier_Test" time="62.136" classname="com.wst.qa.testcases.WST_Supplier_Test"/>
</testsuite> <!-- com.wst.qa.testcases.WST_Supplier_Test -->
