<?xml version="1.0" encoding="UTF-8"?>
<!-- Generated by org.testng.reporters.JUnitReportReporter -->
<testsuite hostname="DESKTOP-CM7QV2O" name="com.wst.qa.testcases.WST_OpenApplication_Test" tests="3" failures="0" timestamp="15 Sep 2020 19:51:27 GMT" time="51.857" errors="0">
  <testcase name="validate_WST_MainPage_TitleAndURL_Test" time="16.012" classname="com.wst.qa.testcases.WST_OpenApplication_Test"/>
  <testcase name="WST_CloseApp_Test" time="20.959" classname="com.wst.qa.testcases.WST_OpenApplication_Test"/>
  <testcase name="LaunchApplication_Test" time="14.886" classname="com.wst.qa.testcases.WST_OpenApplication_Test"/>
</testsuite> <!-- com.wst.qa.testcases.WST_OpenApplication_Test -->
